<?xml version="1.0" encoding="UTF-8"?>
<!-- Generated by org.testng.reporters.JUnitXMLReporter -->
<testsuite ignored="7" hostname="DESKTOP-BBHQ9GM" failures="0" tests="3" name="Default test" time="67.025" errors="0" timestamp="2025-05-08T23:49:39 EET">
  <testcase classname="AutomationFinalProject.AutomationFinalProject.AppTest" name="ChandeTheWebsiteLanguage" time="3.314"/>
  <testcase classname="AutomationFinalProject.AutomationFinalProject.AppTest" name="RandomlySelectCity" time="49.903"/>
  <testcase classname="AutomationFinalProject.AutomationFinalProject.AppTest" name="CheckTheResultsIsretretrived" time="10.038"/>
  <testcase classname="AutomationFinalProject.AutomationFinalProject.AppTest" name="CheckCurrency" time="0.0">
    <ignored/>
  </testcase> <!-- CheckCurrency -->
  <testcase classname="AutomationFinalProject.AutomationFinalProject.AppTest" name="FlightDepatureDate" time="0.0">
    <ignored/>
  </testcase> <!-- FlightDepatureDate -->
  <testcase classname="AutomationFinalProject.AutomationFinalProject.AppTest" name="CheckContactNumber" time="0.0">
    <ignored/>
  </testcase> <!-- CheckContactNumber -->
  <testcase classname="AutomationFinalProject.AutomationFinalProject.AppTest" name="CheckHotelTabIsNotSelected" time="0.0">
    <ignored/>
  </testcase> <!-- CheckHotelTabIsNotSelected -->
  <testcase classname="AutomationFinalProject.AutomationFinalProject.AppTest" name="CheckWebSiteLanguage" time="0.0">
    <ignored/>
  </testcase> <!-- CheckWebSiteLanguage -->
  <testcase classname="AutomationFinalProject.AutomationFinalProject.AppTest" name="CheckQitafLogo" time="0.0">
    <ignored/>
  </testcase> <!-- CheckQitafLogo -->
  <testcase classname="AutomationFinalProject.AutomationFinalProject.AppTest" name="FlightReturnDate" time="0.0">
    <ignored/>
  </testcase> <!-- FlightReturnDate -->
</testsuite> <!-- Default test -->
