<?xml version="1.0" encoding="UTF-8"?>
<testng-results ignored="7" total="10" passed="3" failed="0" skipped="0">
  <reporter-output>
  </reporter-output>
  <suite started-at="2025-05-08T23:48:32 EET" name="Default suite" finished-at="2025-05-08T23:49:39 EET" duration-ms="67025">
    <groups>
    </groups>
    <test started-at="2025-05-08T23:48:32 EET" name="Default test" finished-at="2025-05-08T23:49:39 EET" duration-ms="67025">
      <class name="AutomationFinalProject.AutomationFinalProject.AppTest">
        <test-method is-config="true" signature="mySetup()[pri:0, instance:AutomationFinalProject.AutomationFinalProject.AppTest@6b00f608]" started-at="2025-05-08T23:48:32 EET" name="mySetup" finished-at="2025-05-08T23:48:36 EET" duration-ms="3732" status="PASS">
          <reporter-output>
          </reporter-output>
        </test-method> <!-- mySetup -->
        <test-method signature="ChandeTheWebsiteLanguage()[pri:8, instance:AutomationFinalProject.AutomationFinalProject.AppTest@6b00f608]" started-at="2025-05-08T23:48:36 EET" name="ChandeTheWebsiteLanguage" finished-at="2025-05-08T23:48:39 EET" duration-ms="3314" status="PASS">
          <reporter-output>
          </reporter-output>
        </test-method> <!-- ChandeTheWebsiteLanguage -->
        <test-method signature="RandomlySelectCity()[pri:9, instance:AutomationFinalProject.AutomationFinalProject.AppTest@6b00f608]" started-at="2025-05-08T23:48:40 EET" name="RandomlySelectCity" finished-at="2025-05-08T23:49:29 EET" duration-ms="49903" status="PASS">
          <reporter-output>
          </reporter-output>
        </test-method> <!-- RandomlySelectCity -->
        <test-method signature="CheckTheResultsIsretretrived()[pri:10, instance:AutomationFinalProject.AutomationFinalProject.AppTest@6b00f608]" started-at="2025-05-08T23:49:29 EET" name="CheckTheResultsIsretretrived" finished-at="2025-05-08T23:49:39 EET" duration-ms="10038" status="PASS">
          <reporter-output>
          </reporter-output>
        </test-method> <!-- CheckTheResultsIsretretrived -->
        <test-method is-config="true" signature="AfterMyTest()[pri:0, instance:AutomationFinalProject.AutomationFinalProject.AppTest@6b00f608]" started-at="2025-05-08T23:49:39 EET" name="AfterMyTest" finished-at="2025-05-08T23:49:39 EET" duration-ms="1" status="PASS">
          <reporter-output>
          </reporter-output>
        </test-method> <!-- AfterMyTest -->
      </class> <!-- AutomationFinalProject.AutomationFinalProject.AppTest -->
    </test> <!-- Default test -->
  </suite> <!-- Default suite -->
</testng-results>
